<?xml version="1.0" encoding="UTF-8"?>
<!-- Generated by org.testng.reporters.JUnitReportReporter -->
<testsuite hostname="MEXL006217" failures="0" tests="1" name="com.automation.selenium.tests.PruebaApi" time="2.181" errors="0" timestamp="2025-06-22T19:56:19 CST" skipped="0">
  <testcase classname="com.automation.selenium.tests.PruebaApi" name="testGetUsers" time="2.181"/>
  <system-out/>
</testsuite> <!-- com.automation.selenium.tests.PruebaApi -->
