<?xml version="1.0" encoding="UTF-8"?>
<!-- Generated by org.testng.reporters.JUnitReportReporter -->
<testsuite hostname="MEXL006217" failures="0" tests="1" name="Tests.CheckoutTest" time="6.524" errors="0" timestamp="2025-06-22T11:52:11 CST" skipped="0">
  <testcase classname="Tests.CheckoutTest" name="testFlujoCheckout" time="6.524"/>
  <system-out/>
</testsuite> <!-- Tests.CheckoutTest -->
