<?xml version="1.0" encoding="UTF-8"?>
<!-- Generated by org.testng.reporters.JUnitReportReporter -->
<testsuite hostname="MEXL006217" failures="0" tests="1" name="Tests.LoginTest" time="3.338" errors="0" timestamp="2025-06-20T17:53:48 CST" skipped="0">
  <testcase classname="Tests.LoginTest" name="testLoginValidUser" time="3.338"/>
  <system-out/>
</testsuite> <!-- Tests.LoginTest -->
