<?xml version="1.0" encoding="UTF-8"?>
<!-- Generated by org.testng.reporters.JUnitReportReporter -->
<testsuite hostname="MEXL006217" failures="0" tests="1" name="seleniumTests.CheckoutTest" time="4.942" errors="0" timestamp="2025-06-22T19:20:46 CST" skipped="0">
  <testcase classname="seleniumTests.CheckoutTest" name="testFlujoCheckout" time="4.942"/>
  <system-out/>
</testsuite> <!-- seleniumTests.CheckoutTest -->
