<?xml version="1.0" encoding="UTF-8"?>
<!-- Generated by org.testng.reporters.JUnitReportReporter -->
<testsuite hostname="MEXL006217" failures="0" tests="1" name="Tests.CartTest" time="3.570" errors="0" timestamp="2025-06-22T00:58:29 CST" skipped="0">
  <testcase classname="Tests.CartTest" name="testAgregarProductoAlCarrito" time="3.570"/>
  <system-out/>
</testsuite> <!-- Tests.CartTest -->
