<?xml version="1.0" encoding="UTF-8"?>
<!-- Generated by org.testng.reporters.JUnitReportReporter -->
<testsuite hostname="MEXL006217" failures="0" tests="1" name="Tests.InventoryTest" time="3.380" errors="0" timestamp="2025-06-22T00:45:40 CST" skipped="0">
  <testcase classname="Tests.InventoryTest" name="testVerProductosEnInventario" time="3.380"/>
  <system-out/>
</testsuite> <!-- Tests.InventoryTest -->
